{"C:\\ProjectRIT\\Digital-Garden\\backend\\src\\controllers\\storeController.ts": {"path":"C:\\ProjectRIT\\Digital-Garden\\backend\\src\\controllers\\storeController.ts","statementMap":{"0":{"start":{"line":2,"column":0},"end":{"line":2,"column":41}},"1":{"start":{"line":5,"column":13},"end":{"line":12,"column":2}},"2":{"start":{"line":5,"column":66},"end":{"line":12,"column":2}},"3":{"start":{"line":6,"column":2},"end":{"line":11,"column":3}},"4":{"start":{"line":7,"column":19},"end":{"line":7,"column":37}},"5":{"start":{"line":8,"column":4},"end":{"line":8,"column":21}},"6":{"start":{"line":10,"column":4},"end":{"line":10,"column":74}},"7":{"start":{"line":15,"column":15},"end":{"line":24,"column":2}},"8":{"start":{"line":15,"column":53},"end":{"line":24,"column":2}},"9":{"start":{"line":16,"column":2},"end":{"line":23,"column":3}},"10":{"start":{"line":17,"column":57},"end":{"line":17,"column":65}},"11":{"start":{"line":18,"column":21},"end":{"line":18,"column":76}},"12":{"start":{"line":19,"column":4},"end":{"line":19,"column":26}},"13":{"start":{"line":20,"column":4},"end":{"line":20,"column":35}},"14":{"start":{"line":22,"column":4},"end":{"line":22,"column":71}},"15":{"start":{"line":26,"column":0},"end":{"line":29,"column":2}}},"fnMap":{"0":{"name":"(anonymous_8)","decl":{"start":{"line":5,"column":13},"end":{"line":5,"column":20}},"loc":{"start":{"line":5,"column":66},"end":{"line":12,"column":2}}},"1":{"name":"(anonymous_9)","decl":{"start":{"line":5,"column":66},"end":{"line":5,"column":null}},"loc":{"start":{"line":5,"column":66},"end":{"line":12,"column":1}}},"2":{"name":"(anonymous_10)","decl":{"start":{"line":15,"column":15},"end":{"line":15,"column":22}},"loc":{"start":{"line":15,"column":53},"end":{"line":24,"column":2}}},"3":{"name":"(anonymous_11)","decl":{"start":{"line":15,"column":53},"end":{"line":15,"column":null}},"loc":{"start":{"line":15,"column":53},"end":{"line":24,"column":1}}}},"branchMap":{},"s":{"0":1,"1":1,"2":0,"3":0,"4":0,"5":0,"6":0,"7":1,"8":2,"9":2,"10":2,"11":2,"12":2,"13":1,"14":1,"15":1},"f":{"0":0,"1":0,"2":2,"3":2},"b":{}}
,"C:\\ProjectRIT\\Digital-Garden\\backend\\src\\controllers\\userController.ts": {"path":"C:\\ProjectRIT\\Digital-Garden\\backend\\src\\controllers\\userController.ts","statementMap":{"0":{"start":{"line":3,"column":0},"end":{"line":3,"column":39}},"1":{"start":{"line":4,"column":0},"end":{"line":4,"column":45}},"2":{"start":{"line":6,"column":13},"end":{"line":13,"column":2}},"3":{"start":{"line":6,"column":66},"end":{"line":13,"column":2}},"4":{"start":{"line":7,"column":2},"end":{"line":12,"column":3}},"5":{"start":{"line":8,"column":18},"end":{"line":8,"column":35}},"6":{"start":{"line":9,"column":4},"end":{"line":9,"column":20}},"7":{"start":{"line":11,"column":4},"end":{"line":11,"column":73}},"8":{"start":{"line":15,"column":13},"end":{"line":26,"column":2}},"9":{"start":{"line":15,"column":66},"end":{"line":26,"column":2}},"10":{"start":{"line":16,"column":2},"end":{"line":25,"column":3}},"11":{"start":{"line":17,"column":17},"end":{"line":17,"column":51}},"12":{"start":{"line":18,"column":4},"end":{"line":21,"column":5}},"13":{"start":{"line":19,"column":6},"end":{"line":19,"column":56}},"14":{"start":{"line":20,"column":6},"end":{"line":20,"column":13}},"15":{"start":{"line":22,"column":4},"end":{"line":22,"column":19}},"16":{"start":{"line":24,"column":4},"end":{"line":24,"column":72}},"17":{"start":{"line":28,"column":15},"end":{"line":62,"column":2}},"18":{"start":{"line":28,"column":68},"end":{"line":62,"column":2}},"19":{"start":{"line":29,"column":2},"end":{"line":61,"column":3}},"20":{"start":{"line":30,"column":42},"end":{"line":30,"column":50}},"21":{"start":{"line":32,"column":25},"end":{"line":32,"column":79}},"22":{"start":{"line":33,"column":4},"end":{"line":38,"column":5}},"23":{"start":{"line":34,"column":6},"end":{"line":36,"column":78}},"24":{"start":{"line":37,"column":6},"end":{"line":37,"column":13}},"25":{"start":{"line":40,"column":17},"end":{"line":40,"column":56}},"26":{"start":{"line":41,"column":22},"end":{"line":41,"column":39}},"27":{"start":{"line":44,"column":18},"end":{"line":48,"column":6}},"28":{"start":{"line":50,"column":6},"end":{"line":50,"column":26}},"29":{"start":{"line":49,"column":31},"end":{"line":49,"column":36}},"30":{"start":{"line":49,"column":55},"end":{"line":49,"column":null}},"31":{"start":{"line":51,"column":4},"end":{"line":58,"column":43}},"32":{"start":{"line":60,"column":4},"end":{"line":60,"column":73}},"33":{"start":{"line":64,"column":15},"end":{"line":81,"column":2}},"34":{"start":{"line":64,"column":68},"end":{"line":81,"column":2}},"35":{"start":{"line":65,"column":2},"end":{"line":80,"column":3}},"36":{"start":{"line":66,"column":17},"end":{"line":66,"column":51}},"37":{"start":{"line":67,"column":4},"end":{"line":70,"column":5}},"38":{"start":{"line":68,"column":6},"end":{"line":68,"column":56}},"39":{"start":{"line":69,"column":6},"end":{"line":69,"column":13}},"40":{"start":{"line":72,"column":4},"end":{"line":72,"column":55}},"41":{"start":{"line":73,"column":4},"end":{"line":73,"column":55}},"42":{"start":{"line":74,"column":4},"end":{"line":74,"column":46}},"43":{"start":{"line":76,"column":24},"end":{"line":76,"column":41}},"44":{"start":{"line":77,"column":4},"end":{"line":77,"column":26}},"45":{"start":{"line":79,"column":4},"end":{"line":79,"column":73}},"46":{"start":{"line":83,"column":15},"end":{"line":90,"column":2}},"47":{"start":{"line":83,"column":68},"end":{"line":90,"column":2}},"48":{"start":{"line":84,"column":2},"end":{"line":89,"column":3}},"49":{"start":{"line":85,"column":4},"end":{"line":85,"column":48}},"50":{"start":{"line":86,"column":4},"end":{"line":86,"column":27}},"51":{"start":{"line":88,"column":4},"end":{"line":88,"column":77}},"52":{"start":{"line":92,"column":14},"end":{"line":125,"column":2}},"53":{"start":{"line":92,"column":67},"end":{"line":125,"column":2}},"54":{"start":{"line":93,"column":2},"end":{"line":124,"column":3}},"55":{"start":{"line":94,"column":35},"end":{"line":94,"column":43}},"56":{"start":{"line":96,"column":4},"end":{"line":99,"column":5}},"57":{"start":{"line":97,"column":6},"end":{"line":97,"column":78}},"58":{"start":{"line":98,"column":6},"end":{"line":98,"column":13}},"59":{"start":{"line":101,"column":17},"end":{"line":101,"column":60}},"60":{"start":{"line":102,"column":4},"end":{"line":105,"column":5}},"61":{"start":{"line":103,"column":6},"end":{"line":103,"column":63}},"62":{"start":{"line":104,"column":6},"end":{"line":104,"column":13}},"63":{"start":{"line":107,"column":18},"end":{"line":111,"column":6}},"64":{"start":{"line":112,"column":60},"end":{"line":112,"column":75}},"65":{"start":{"line":112,"column":31},"end":{"line":112,"column":36}},"66":{"start":{"line":112,"column":55},"end":{"line":112,"column":60}},"67":{"start":{"line":113,"column":4},"end":{"line":120,"column":43}},"68":{"start":{"line":122,"column":4},"end":{"line":122,"column":41}},"69":{"start":{"line":123,"column":4},"end":{"line":123,"column":63}},"70":{"start":{"line":127,"column":15},"end":{"line":136,"column":2}},"71":{"start":{"line":127,"column":68},"end":{"line":136,"column":2}},"72":{"start":{"line":128,"column":2},"end":{"line":135,"column":50}},"73":{"start":{"line":138,"column":11},"end":{"line":141,"column":2}},"74":{"start":{"line":138,"column":64},"end":{"line":141,"column":2}},"75":{"start":{"line":140,"column":2},"end":{"line":140,"column":73}},"76":{"start":{"line":143,"column":15},"end":{"line":146,"column":2}},"77":{"start":{"line":143,"column":68},"end":{"line":146,"column":2}},"78":{"start":{"line":144,"column":15},"end":{"line":144,"column":30}},"79":{"start":{"line":145,"column":2},"end":{"line":145,"column":65}},"80":{"start":{"line":148,"column":0},"end":{"line":158,"column":2}}},"fnMap":{"0":{"name":"(anonymous_9)","decl":{"start":{"line":6,"column":13},"end":{"line":6,"column":20}},"loc":{"start":{"line":6,"column":66},"end":{"line":13,"column":2}}},"1":{"name":"(anonymous_10)","decl":{"start":{"line":6,"column":66},"end":{"line":6,"column":null}},"loc":{"start":{"line":6,"column":66},"end":{"line":13,"column":1}}},"2":{"name":"(anonymous_11)","decl":{"start":{"line":15,"column":13},"end":{"line":15,"column":20}},"loc":{"start":{"line":15,"column":66},"end":{"line":26,"column":2}}},"3":{"name":"(anonymous_12)","decl":{"start":{"line":15,"column":66},"end":{"line":15,"column":null}},"loc":{"start":{"line":15,"column":66},"end":{"line":26,"column":1}}},"4":{"name":"(anonymous_13)","decl":{"start":{"line":28,"column":15},"end":{"line":28,"column":22}},"loc":{"start":{"line":28,"column":68},"end":{"line":62,"column":2}}},"5":{"name":"(anonymous_14)","decl":{"start":{"line":28,"column":68},"end":{"line":28,"column":null}},"loc":{"start":{"line":28,"column":68},"end":{"line":62,"column":1}}},"6":{"name":"(anonymous_15)","decl":{"start":{"line":64,"column":15},"end":{"line":64,"column":22}},"loc":{"start":{"line":64,"column":68},"end":{"line":81,"column":2}}},"7":{"name":"(anonymous_16)","decl":{"start":{"line":64,"column":68},"end":{"line":64,"column":null}},"loc":{"start":{"line":64,"column":68},"end":{"line":81,"column":1}}},"8":{"name":"(anonymous_17)","decl":{"start":{"line":83,"column":15},"end":{"line":83,"column":22}},"loc":{"start":{"line":83,"column":68},"end":{"line":90,"column":2}}},"9":{"name":"(anonymous_18)","decl":{"start":{"line":83,"column":68},"end":{"line":83,"column":null}},"loc":{"start":{"line":83,"column":68},"end":{"line":90,"column":1}}},"10":{"name":"(anonymous_19)","decl":{"start":{"line":92,"column":14},"end":{"line":92,"column":21}},"loc":{"start":{"line":92,"column":67},"end":{"line":125,"column":2}}},"11":{"name":"(anonymous_20)","decl":{"start":{"line":92,"column":67},"end":{"line":92,"column":null}},"loc":{"start":{"line":92,"column":67},"end":{"line":125,"column":1}}},"12":{"name":"(anonymous_21)","decl":{"start":{"line":127,"column":15},"end":{"line":127,"column":22}},"loc":{"start":{"line":127,"column":68},"end":{"line":136,"column":2}}},"13":{"name":"(anonymous_22)","decl":{"start":{"line":127,"column":68},"end":{"line":127,"column":null}},"loc":{"start":{"line":127,"column":68},"end":{"line":136,"column":1}}},"14":{"name":"(anonymous_23)","decl":{"start":{"line":138,"column":11},"end":{"line":138,"column":18}},"loc":{"start":{"line":138,"column":64},"end":{"line":141,"column":2}}},"15":{"name":"(anonymous_24)","decl":{"start":{"line":138,"column":64},"end":{"line":138,"column":null}},"loc":{"start":{"line":138,"column":64},"end":{"line":141,"column":1}}},"16":{"name":"(anonymous_25)","decl":{"start":{"line":143,"column":15},"end":{"line":143,"column":22}},"loc":{"start":{"line":143,"column":68},"end":{"line":146,"column":2}}},"17":{"name":"(anonymous_26)","decl":{"start":{"line":143,"column":68},"end":{"line":143,"column":null}},"loc":{"start":{"line":143,"column":68},"end":{"line":146,"column":1}}}},"branchMap":{"0":{"loc":{"start":{"line":18,"column":4},"end":{"line":21,"column":5}},"type":"if","locations":[{"start":{"line":18,"column":4},"end":{"line":21,"column":5}},{"start":{},"end":{}}]},"1":{"loc":{"start":{"line":33,"column":4},"end":{"line":38,"column":5}},"type":"if","locations":[{"start":{"line":33,"column":4},"end":{"line":38,"column":5}},{"start":{},"end":{}}]},"2":{"loc":{"start":{"line":67,"column":4},"end":{"line":70,"column":5}},"type":"if","locations":[{"start":{"line":67,"column":4},"end":{"line":70,"column":5}},{"start":{},"end":{}}]},"3":{"loc":{"start":{"line":72,"column":20},"end":{"line":72,"column":54}},"type":"cond-expr","locations":[{"start":{"line":72,"column":37},"end":{"line":72,"column":41}},{"start":{"line":72,"column":41},"end":{"line":72,"column":54}}]},"4":{"loc":{"start":{"line":72,"column":20},"end":{"line":72,"column":41}},"type":"binary-expr","locations":[{"start":{"line":72,"column":20},"end":{"line":72,"column":41}},{"start":{"line":72,"column":37},"end":{"line":72,"column":41}}]},"5":{"loc":{"start":{"line":73,"column":20},"end":{"line":73,"column":54}},"type":"cond-expr","locations":[{"start":{"line":73,"column":37},"end":{"line":73,"column":41}},{"start":{"line":73,"column":41},"end":{"line":73,"column":54}}]},"6":{"loc":{"start":{"line":73,"column":20},"end":{"line":73,"column":41}},"type":"binary-expr","locations":[{"start":{"line":73,"column":20},"end":{"line":73,"column":41}},{"start":{"line":73,"column":37},"end":{"line":73,"column":41}}]},"7":{"loc":{"start":{"line":74,"column":17},"end":{"line":74,"column":45}},"type":"cond-expr","locations":[{"start":{"line":74,"column":31},"end":{"line":74,"column":35}},{"start":{"line":74,"column":35},"end":{"line":74,"column":45}}]},"8":{"loc":{"start":{"line":74,"column":17},"end":{"line":74,"column":35}},"type":"binary-expr","locations":[{"start":{"line":74,"column":17},"end":{"line":74,"column":35}},{"start":{"line":74,"column":31},"end":{"line":74,"column":35}}]},"9":{"loc":{"start":{"line":96,"column":4},"end":{"line":99,"column":5}},"type":"if","locations":[{"start":{"line":96,"column":4},"end":{"line":99,"column":5}},{"start":{},"end":{}}]},"10":{"loc":{"start":{"line":96,"column":8},"end":{"line":96,"column":30}},"type":"binary-expr","locations":[{"start":{"line":96,"column":8},"end":{"line":96,"column":17}},{"start":{"line":96,"column":21},"end":{"line":96,"column":30}}]},"11":{"loc":{"start":{"line":102,"column":4},"end":{"line":105,"column":5}},"type":"if","locations":[{"start":{"line":102,"column":4},"end":{"line":105,"column":5}},{"start":{},"end":{}}]}},"s":{"0":1,"1":1,"2":1,"3":0,"4":0,"5":0,"6":0,"7":0,"8":1,"9":0,"10":0,"11":0,"12":0,"13":0,"14":0,"15":0,"16":0,"17":1,"18":0,"19":0,"20":0,"21":0,"22":0,"23":0,"24":0,"25":0,"26":0,"27":0,"28":0,"29":0,"30":0,"31":0,"32":0,"33":1,"34":0,"35":0,"36":0,"37":0,"38":0,"39":0,"40":0,"41":0,"42":0,"43":0,"44":0,"45":0,"46":1,"47":0,"48":0,"49":0,"50":0,"51":0,"52":1,"53":1,"54":1,"55":1,"56":1,"57":1,"58":1,"59":0,"60":0,"61":0,"62":0,"63":0,"64":0,"65":0,"66":0,"67":0,"68":0,"69":0,"70":1,"71":1,"72":1,"73":1,"74":1,"75":1,"76":1,"77":1,"78":1,"79":1,"80":1},"f":{"0":0,"1":0,"2":0,"3":0,"4":0,"5":0,"6":0,"7":0,"8":0,"9":0,"10":1,"11":1,"12":1,"13":1,"14":1,"15":1,"16":1,"17":1},"b":{"0":[0,0],"1":[0,0],"2":[0,0],"3":[0,0],"4":[0,0],"5":[0,0],"6":[0,0],"7":[0,0],"8":[0,0],"9":[1,0],"10":[1,1],"11":[0,0]}}
}
