TN:
SF:src\controllers\storeController.ts
FN:5,(anonymous_8)
FN:5,(anonymous_9)
FN:15,(anonymous_10)
FN:15,(anonymous_11)
FNF:4
FNH:2
FNDA:0,(anonymous_8)
FNDA:0,(anonymous_9)
FNDA:2,(anonymous_10)
FNDA:2,(anonymous_11)
DA:2,1
DA:5,1
DA:6,0
DA:7,0
DA:8,0
DA:10,0
DA:15,2
DA:16,2
DA:17,2
DA:18,2
DA:19,2
DA:20,1
DA:22,1
DA:26,1
LF:14
LH:10
BRF:0
BRH:0
end_of_record
TN:
SF:src\controllers\userController.ts
FN:6,(anonymous_9)
FN:6,(anonymous_10)
FN:15,(anonymous_11)
FN:15,(anonymous_12)
FN:28,(anonymous_13)
FN:28,(anonymous_14)
FN:64,(anonymous_15)
FN:64,(anonymous_16)
FN:83,(anonymous_17)
FN:83,(anonymous_18)
FN:92,(anonymous_19)
FN:92,(anonymous_20)
FN:127,(anonymous_21)
FN:127,(anonymous_22)
FN:138,(anonymous_23)
FN:138,(anonymous_24)
FN:143,(anonymous_25)
FN:143,(anonymous_26)
FNF:18
FNH:8
FNDA:0,(anonymous_9)
FNDA:0,(anonymous_10)
FNDA:0,(anonymous_11)
FNDA:0,(anonymous_12)
FNDA:0,(anonymous_13)
FNDA:0,(anonymous_14)
FNDA:0,(anonymous_15)
FNDA:0,(anonymous_16)
FNDA:0,(anonymous_17)
FNDA:0,(anonymous_18)
FNDA:1,(anonymous_19)
FNDA:1,(anonymous_20)
FNDA:1,(anonymous_21)
FNDA:1,(anonymous_22)
FNDA:1,(anonymous_23)
FNDA:1,(anonymous_24)
FNDA:1,(anonymous_25)
FNDA:1,(anonymous_26)
DA:3,1
DA:4,1
DA:6,1
DA:7,0
DA:8,0
DA:9,0
DA:11,0
DA:15,1
DA:16,0
DA:17,0
DA:18,0
DA:19,0
DA:20,0
DA:22,0
DA:24,0
DA:28,1
DA:29,0
DA:30,0
DA:32,0
DA:33,0
DA:34,0
DA:37,0
DA:40,0
DA:41,0
DA:44,0
DA:49,0
DA:50,0
DA:51,0
DA:60,0
DA:64,1
DA:65,0
DA:66,0
DA:67,0
DA:68,0
DA:69,0
DA:72,0
DA:73,0
DA:74,0
DA:76,0
DA:77,0
DA:79,0
DA:83,1
DA:84,0
DA:85,0
DA:86,0
DA:88,0
DA:92,1
DA:93,1
DA:94,1
DA:96,1
DA:97,1
DA:98,1
DA:101,0
DA:102,0
DA:103,0
DA:104,0
DA:107,0
DA:112,0
DA:113,0
DA:122,0
DA:123,0
DA:127,1
DA:128,1
DA:138,1
DA:140,1
DA:143,1
DA:144,1
DA:145,1
DA:148,1
LF:69
LH:21
BRDA:18,0,0,0
BRDA:18,0,1,0
BRDA:33,1,0,0
BRDA:33,1,1,0
BRDA:67,2,0,0
BRDA:67,2,1,0
BRDA:72,3,0,0
BRDA:72,3,1,0
BRDA:72,4,0,0
BRDA:72,4,1,0
BRDA:73,5,0,0
BRDA:73,5,1,0
BRDA:73,6,0,0
BRDA:73,6,1,0
BRDA:74,7,0,0
BRDA:74,7,1,0
BRDA:74,8,0,0
BRDA:74,8,1,0
BRDA:96,9,0,1
BRDA:96,9,1,0
BRDA:96,10,0,1
BRDA:96,10,1,1
BRDA:102,11,0,0
BRDA:102,11,1,0
BRF:24
BRH:3
end_of_record
